[debug] [2025-03-10T19:12:57.158Z] ----------------------------------------------------------------------
[debug] [2025-03-10T19:12:57.166Z] Command:       C:\Program Files\nodejs\node.exe C:\Users\maadh\AppData\Roaming\npm\node_modules\firebase-tools\lib\bin\firebase.js init
[debug] [2025-03-10T19:12:57.167Z] CLI Version:   13.33.0
[debug] [2025-03-10T19:12:57.168Z] Platform:      win32
[debug] [2025-03-10T19:12:57.168Z] Node Version:  v20.16.0
[debug] [2025-03-10T19:12:57.168Z] Time:          Mon Mar 10 2025 15:12:57 GMT-0400 (Eastern Daylight Time)
[debug] [2025-03-10T19:12:57.168Z] ----------------------------------------------------------------------
[debug] 
[debug] [2025-03-10T19:12:57.181Z] > command requires scopes: ["email","openid","https://www.googleapis.com/auth/cloudplatformprojects.readonly","https://www.googleapis.com/auth/firebase","https://www.googleapis.com/auth/cloud-platform"]
[debug] [2025-03-10T19:12:57.182Z] > authorizing via signed-in user (maadhavan12@gmail.com)
[info] 
     ######## #### ########  ######## ########     ###     ######  ########
     ##        ##  ##     ## ##       ##     ##  ##   ##  ##       ##
     ######    ##  ########  ######   ########  #########  ######  ######
     ##        ##  ##    ##  ##       ##     ## ##     ##       ## ##
     ##       #### ##     ## ######## ########  ##     ##  ######  ########

You're about to initialize a Firebase project in this directory:

  C:\Users\maadh\OneDrive\Documents\Jobs\landingPage\v3\portfolio

[info] 
=== Project Setup
[info] 
[info] First, let's associate this project directory with a Firebase project.
[info] You can create multiple project aliases by running firebase use --add, 
[info] but for now we'll just set up a default project.
[info] 
[debug] [2025-03-10T19:13:29.270Z] Checked if tokens are valid: true, expires at: 1741637504646
[debug] [2025-03-10T19:13:29.271Z] Checked if tokens are valid: true, expires at: 1741637504646
[debug] [2025-03-10T19:13:29.274Z] >>> [apiv2][query] GET https://firebase.googleapis.com/v1beta1/projects pageSize=100
[debug] [2025-03-10T19:13:29.796Z] <<< [apiv2][status] GET https://firebase.googleapis.com/v1beta1/projects 200
[debug] [2025-03-10T19:13:29.796Z] <<< [apiv2][body] GET https://firebase.googleapis.com/v1beta1/projects [omitted]
[info] i  Using project pantry-80b5b (pantry) 
[info] 
=== Hosting Setup
[debug] [2025-03-10T19:13:38.509Z] Checked if tokens are valid: true, expires at: 1741637504646
[debug] [2025-03-10T19:13:38.510Z] Checked if tokens are valid: true, expires at: 1741637504646
[debug] [2025-03-10T19:13:38.510Z] >>> [apiv2][query] GET https://firebase.googleapis.com/v1beta1/projects/pantry-80b5b [none]
[debug] [2025-03-10T19:13:38.901Z] <<< [apiv2][status] GET https://firebase.googleapis.com/v1beta1/projects/pantry-80b5b 200
[debug] [2025-03-10T19:13:38.902Z] <<< [apiv2][body] GET https://firebase.googleapis.com/v1beta1/projects/pantry-80b5b {"projectId":"pantry-80b5b","projectNumber":"600540876511","displayName":"pantry","name":"projects/pantry-80b5b","resources":{"hostingSite":"pantry-80b5b"},"state":"ACTIVE","etag":"1_346e18ae-35fb-4db3-a48f-4c84f6e4dcd8"}
[info] 
[info] Your public directory is the folder (relative to your project directory) that
[info] will contain Hosting assets to be uploaded with firebase deploy. If you
[info] have a build process for your assets, use your build's output directory.
[info] 
[debug] [2025-03-10T19:14:15.223Z] ----------------------------------------------------------------------
[debug] [2025-03-10T19:14:15.226Z] Command:       C:\Program Files\nodejs\node.exe C:\Users\maadh\AppData\Roaming\npm\node_modules\firebase-tools\lib\bin\firebase.js init
[debug] [2025-03-10T19:14:15.226Z] CLI Version:   13.33.0
[debug] [2025-03-10T19:14:15.227Z] Platform:      win32
[debug] [2025-03-10T19:14:15.227Z] Node Version:  v20.16.0
[debug] [2025-03-10T19:14:15.227Z] Time:          Mon Mar 10 2025 15:14:15 GMT-0400 (Eastern Daylight Time)
[debug] [2025-03-10T19:14:15.227Z] ----------------------------------------------------------------------
[debug] 
[debug] [2025-03-10T19:14:15.236Z] > command requires scopes: ["email","openid","https://www.googleapis.com/auth/cloudplatformprojects.readonly","https://www.googleapis.com/auth/firebase","https://www.googleapis.com/auth/cloud-platform"]
[debug] [2025-03-10T19:14:15.236Z] > authorizing via signed-in user (maadhavan12@gmail.com)
[info] 
     ######## #### ########  ######## ########     ###     ######  ########
     ##        ##  ##     ## ##       ##     ##  ##   ##  ##       ##
     ######    ##  ########  ######   ########  #########  ######  ######
     ##        ##  ##    ##  ##       ##     ## ##     ##       ## ##
     ##       #### ##     ## ######## ########  ##     ##  ######  ########

You're about to initialize a Firebase project in this directory:

  C:\Users\maadh\OneDrive\Documents\Jobs\landingPage\v3\portfolio

[info] 
=== Project Setup
[info] 
[info] First, let's associate this project directory with a Firebase project.
[info] You can create multiple project aliases by running firebase use --add, 
[info] but for now we'll just set up a default project.
[info] 
[info] i  If you want to create a project in a Google Cloud organization or folder, please use "firebase projects:create" instead, and return to this command when you've created the project. 
[debug] [2025-03-10T19:14:39.413Z] Checked if tokens are valid: true, expires at: 1741637504646
[debug] [2025-03-10T19:14:39.413Z] Checked if tokens are valid: true, expires at: 1741637504646
[debug] [2025-03-10T19:14:39.415Z] >>> [apiv2][query] POST https://cloudresourcemanager.googleapis.com/v1/projects [none]
[debug] [2025-03-10T19:14:39.416Z] >>> [apiv2][body] POST https://cloudresourcemanager.googleapis.com/v1/projects {"projectId":"landingPageMod","name":"landingPageMod"}
[debug] [2025-03-10T19:14:40.689Z] <<< [apiv2][status] POST https://cloudresourcemanager.googleapis.com/v1/projects 400
[debug] [2025-03-10T19:14:40.689Z] <<< [apiv2][body] POST https://cloudresourcemanager.googleapis.com/v1/projects {"error":{"code":400,"message":"field [project_id] has issue [project_id contains invalid characters]","status":"INVALID_ARGUMENT","details":[{"@type":"type.googleapis.com/google.rpc.BadRequest","fieldViolations":[{"field":"project_id","description":"project_id contains invalid characters"}]},{"@type":"type.googleapis.com/google.rpc.Help","links":[{"url":"https://cloud.google.com/resource-manager/reference/rest/v1/projects"}]}]}}
[debug] [2025-03-10T19:14:40.728Z] FirebaseError: Request to https://cloudresourcemanager.googleapis.com/v1/projects had HTTP Error: 400, field [project_id] has issue [project_id contains invalid characters]
    at responseToError (C:\Users\maadh\AppData\Roaming\npm\node_modules\firebase-tools\lib\responseToError.js:52:12)
    at RetryOperation._fn (C:\Users\maadh\AppData\Roaming\npm\node_modules\firebase-tools\lib\apiv2.js:312:77)
    at process.processTicksAndRejections (node:internal/process/task_queues:95:5)
[error] 
[error] Error: Failed to create project. See firebase-debug.log for more info.
